<?xml version="1.0" encoding="UTF-8"?>
<!-- Generated by org.testng.reporters.JUnitXMLReporter -->
<testsuite ignored="0" hostname="JCI-MH68" failures="0" tests="3" name="Surefire test" time="4.751" errors="0" timestamp="2023-06-14T17:28:41 IST">
  <testcase classname="com.csm.qa.test.HomePageTest" name="@BeforeMethod setup" time="2.647">
    <failure type="java.lang.NullPointerException" message="Cannot invoke &amp;quot;java.util.Properties.getProperty(String)&amp;quot; because &amp;quot;com.csm.qa.base.CSMBase.prop&amp;quot; is null">
      <![CDATA[java.lang.NullPointerException: Cannot invoke "java.util.Properties.getProperty(String)" because "com.csm.qa.base.CSMBase.prop" is null
at com.csm.qa.base.CSMBase.initialize(CSMBase.java:52)
at com.csm.qa.test.HomePageTest.setup(HomePageTest.java:19)
at java.base/java.util.ArrayList.forEach(ArrayList.java:1511)
... Removed 33 stack frames]]>
    </failure>
  </testcase> <!-- @BeforeMethod setup -->
  <testcase classname="com.csm.qa.test.HomePageTest" name="@BeforeMethod setup" time="-1.686743919311E9">
    <skipped/>
  </testcase> <!-- @BeforeMethod setup -->
  <testcase classname="com.csm.qa.test.LoginPageTest" name="@BeforeMethod setup" time="2.061">
    <failure type="java.lang.NullPointerException" message="Cannot invoke &amp;quot;java.util.Properties.getProperty(String)&amp;quot; because &amp;quot;com.csm.qa.base.CSMBase.prop&amp;quot; is null">
      <![CDATA[java.lang.NullPointerException: Cannot invoke "java.util.Properties.getProperty(String)" because "com.csm.qa.base.CSMBase.prop" is null
at com.csm.qa.base.CSMBase.initialize(CSMBase.java:52)
at com.csm.qa.test.LoginPageTest.setup(LoginPageTest.java:15)
at java.base/java.util.ArrayList.forEach(ArrayList.java:1511)
... Removed 33 stack frames]]>
    </failure>
  </testcase> <!-- @BeforeMethod setup -->
  <testcase classname="com.csm.qa.test.HomePageTest" name="clickOnCMSModule" time="0.0">
    <skipped/>
  </testcase> <!-- clickOnCMSModule -->
  <testcase classname="com.csm.qa.test.HomePageTest" name="clickonIDC" time="0.0">
    <skipped/>
  </testcase> <!-- clickonIDC -->
  <testcase classname="com.csm.qa.test.LoginPageTest" name="LoginWithValidCredentials" time="0.0">
    <skipped/>
  </testcase> <!-- LoginWithValidCredentials -->
</testsuite> <!-- Surefire test -->
