<?xml version="1.0" encoding="UTF-8"?>
<!-- Generated by org.testng.reporters.JUnitXMLReporter -->
<testsuite ignored="0" hostname="JCI-MH68" failures="0" tests="3" name="Default test" time="26.824" errors="0" timestamp="2023-06-14T17:31:04 IST">
  <testcase classname="com.csm.qa.test.LoginPageTest" name="LoginWithValidCredentials" time="5.603"/>
  <testcase classname="com.csm.qa.test.HomePageTest" name="clickOnCMSModule" time="2.13"/>
  <testcase classname="com.csm.qa.test.HomePageTest" name="clickonIDC" time="5.255"/>
</testsuite> <!-- Default test -->
