<?xml version="1.0" encoding="UTF-8"?>
<testng-results ignored="0" total="1" passed="1" failed="0" skipped="0">
  <reporter-output>
  </reporter-output>
  <suite started-at="2023-06-19T12:25:51 IST" name="Surefire suite" finished-at="2023-06-19T12:26:04 IST" duration-ms="12295">
    <groups>
    </groups>
    <test started-at="2023-06-19T12:25:51 IST" name="Surefire test" finished-at="2023-06-19T12:26:04 IST" duration-ms="12295">
      <class name="com.csm.qa.test.LoginPageTest">
        <test-method is-config="true" signature="setup()[pri:0, instance:com.csm.qa.test.LoginPageTest@436a4e4b]" started-at="2023-06-19T12:25:51 IST" name="setup" finished-at="2023-06-19T12:25:54 IST" duration-ms="2821" status="PASS">
          <reporter-output>
          </reporter-output>
        </test-method> <!-- setup -->
        <test-method signature="LoginWithValidCredentials()[pri:1, instance:com.csm.qa.test.LoginPageTest@436a4e4b]" started-at="2023-06-19T12:25:54 IST" name="LoginWithValidCredentials" finished-at="2023-06-19T12:26:04 IST" duration-ms="9447" status="PASS">
          <reporter-output>
          </reporter-output>
        </test-method> <!-- LoginWithValidCredentials -->
      </class> <!-- com.csm.qa.test.LoginPageTest -->
    </test> <!-- Surefire test -->
  </suite> <!-- Surefire suite -->
</testng-results>
