<?xml version="1.0" encoding="UTF-8"?>
<testng-results ignored="0" total="2" passed="1" failed="1" skipped="0">
  <reporter-output>
  </reporter-output>
  <suite started-at="2023-06-20T12:37:02 IST" name="Default suite" finished-at="2023-06-20T12:37:24 IST" duration-ms="21368">
    <groups>
    </groups>
    <test started-at="2023-06-20T12:37:02 IST" name="Default test" finished-at="2023-06-20T12:37:24 IST" duration-ms="21368">
      <class name="com.csm.qa.test.LoginPageTest">
        <test-method is-config="true" signature="setup()[pri:0, instance:com.csm.qa.test.LoginPageTest@436813f3]" started-at="2023-06-20T12:37:02 IST" name="setup" finished-at="2023-06-20T12:37:05 IST" duration-ms="2809" status="PASS">
          <reporter-output>
          </reporter-output>
        </test-method> <!-- setup -->
        <test-method signature="LoginWithValidCredentials()[pri:1, instance:com.csm.qa.test.LoginPageTest@436813f3]" started-at="2023-06-20T12:37:05 IST" name="LoginWithValidCredentials" finished-at="2023-06-20T12:37:13 IST" duration-ms="7954" status="FAIL">
          <exception class="java.io.FileNotFoundException">
            <message>
              <![CDATA[user.dir\ExcelSheet\PO_Screen_Data.xlsx (The system cannot find the path specified)]]>
            </message>
            <full-stacktrace>
              <![CDATA[java.io.FileNotFoundException: user.dir\ExcelSheet\PO_Screen_Data.xlsx (The system cannot find the path specified)
at java.base/java.io.FileInputStream.open0(Native Method)
at java.base/java.io.FileInputStream.open(FileInputStream.java:219)
at java.base/java.io.FileInputStream.<init>(FileInputStream.java:158)
at java.base/java.io.FileInputStream.<init>(FileInputStream.java:112)
at sheetData.ExcelSheetData.excelSheetDataMethod(ExcelSheetData.java:33)
at com.csm.qa.test.LoginPageTest.LoginWithValidCredentials(LoginPageTest.java:62)
at java.base/jdk.internal.reflect.DirectMethodHandleAccessor.invoke(DirectMethodHandleAccessor.java:104)
at java.base/java.lang.reflect.Method.invoke(Method.java:578)
at org.testng.internal.MethodInvocationHelper.invokeMethod(MethodInvocationHelper.java:133)
at org.testng.internal.TestInvoker.invokeMethod(TestInvoker.java:598)
at org.testng.internal.TestInvoker.invokeTestMethod(TestInvoker.java:173)
at org.testng.internal.MethodRunner.runInSequence(MethodRunner.java:46)
at org.testng.internal.TestInvoker$MethodInvocationAgent.invoke(TestInvoker.java:824)
at org.testng.internal.TestInvoker.invokeTestMethods(TestInvoker.java:146)
at org.testng.internal.TestMethodWorker.invokeTestMethods(TestMethodWorker.java:146)
at org.testng.internal.TestMethodWorker.run(TestMethodWorker.java:128)
at java.base/java.util.ArrayList.forEach(ArrayList.java:1511)
at org.testng.TestRunner.privateRun(TestRunner.java:794)
at org.testng.TestRunner.run(TestRunner.java:596)
at org.testng.SuiteRunner.runTest(SuiteRunner.java:377)
at org.testng.SuiteRunner.runSequentially(SuiteRunner.java:371)
at org.testng.SuiteRunner.privateRun(SuiteRunner.java:332)
at org.testng.SuiteRunner.run(SuiteRunner.java:276)
at org.testng.SuiteRunnerWorker.runSuite(SuiteRunnerWorker.java:53)
at org.testng.SuiteRunnerWorker.run(SuiteRunnerWorker.java:96)
at org.testng.TestNG.runSuitesSequentially(TestNG.java:1212)
at org.testng.TestNG.runSuitesLocally(TestNG.java:1134)
at org.testng.TestNG.runSuites(TestNG.java:1063)
at org.testng.TestNG.run(TestNG.java:1031)
at org.testng.remote.AbstractRemoteTestNG.run(AbstractRemoteTestNG.java:115)
at org.testng.remote.RemoteTestNG.initAndRun(RemoteTestNG.java:251)
at org.testng.remote.RemoteTestNG.main(RemoteTestNG.java:77)
]]>
            </full-stacktrace>
          </exception> <!-- java.io.FileNotFoundException -->
          <reporter-output>
          </reporter-output>
        </test-method> <!-- LoginWithValidCredentials -->
        <test-method is-config="true" signature="setup()[pri:0, instance:com.csm.qa.test.LoginPageTest@436813f3]" started-at="2023-06-20T12:37:13 IST" name="setup" finished-at="2023-06-20T12:37:15 IST" duration-ms="1745" status="PASS">
          <reporter-output>
          </reporter-output>
        </test-method> <!-- setup -->
        <test-method signature="LoginWithInvalidCredentialss()[pri:2, instance:com.csm.qa.test.LoginPageTest@436813f3]" started-at="2023-06-20T12:37:15 IST" name="LoginWithInvalidCredentialss" finished-at="2023-06-20T12:37:24 IST" duration-ms="8825" status="PASS">
          <reporter-output>
          </reporter-output>
        </test-method> <!-- LoginWithInvalidCredentialss -->
      </class> <!-- com.csm.qa.test.LoginPageTest -->
    </test> <!-- Default test -->
  </suite> <!-- Default suite -->
</testng-results>
